[20190224-07:37:49-490] INFO    main                 o.o.util.Environment.logSystemInfo()                   : openTCS baseline version: 4.10.0-SNAPSHOT (build date: 2019-02-24 07:37:41), customization '-' version - (build date: -), Java: 1.8.0_201, Oracle Corporation; JVM: 25.201-b09, Oracle Corporation; OS: Windows Server 2016, amd64
[20190224-07:37:49-823] INFO    main                 o.c.provider.ConfigurationProviderBuilder.build()      : Initializing ConfigurationProvider with org.opentcs.guing.configuration.CachedConfigurationSource source, org.opentcs.guing.configuration.PeriodicalReloadStrategy reload strategy and org.cfg4j.source.context.environment.DefaultEnvironment environment
[20190224-07:37:49-900] INFO    main                 o.o.guing.RunPlantOverview.findRegisteredModules()     : Integrating injection module org.opentcs.guing.DefaultImportersExportersModule
[20190224-07:37:49-902] INFO    main                 o.o.guing.RunPlantOverview.findRegisteredModules()     : Hello WOrld injection module org.opentcs.guing.DefaultImportersExportersModule
[20190224-07:37:49-905] INFO    main                 o.o.guing.RunPlantOverview.findRegisteredModules()     : Integrating injection module org.opentcs.guing.DefaultPluginPanelsModule
[20190224-07:37:49-907] INFO    main                 o.o.guing.RunPlantOverview.findRegisteredModules()     : Hello WOrld injection module org.opentcs.guing.DefaultPluginPanelsModule
[20190224-07:37:49-912] INFO    main                 o.o.guing.RunPlantOverview.findRegisteredModules()     : Integrating injection module org.opentcs.guing.PropertySuggestionsModule
[20190224-07:37:49-913] INFO    main                 o.o.guing.RunPlantOverview.findRegisteredModules()     : Hello WOrld injection module org.opentcs.guing.PropertySuggestionsModule
[20190224-07:37:49-917] INFO    main                 o.o.guing.RunPlantOverview.findRegisteredModules()     : Integrating injection module org.opentcs.guing.transport.OrderCategorySuggestionsModule
[20190224-07:37:49-918] INFO    main                 o.o.guing.RunPlantOverview.findRegisteredModules()     : Hello WOrld injection module org.opentcs.guing.transport.OrderCategorySuggestionsModule
[20190224-07:37:51-014] WARNING main                 o.o.guing.DefaultPlantOverviewInjectionModule.configureSocketConnections(): SSL encryption disabled, connections will not be secured!
[20190224-07:38:08-137] INFO    main                 o.o.g.util.PanelRegistry.<init>()                      : Setting up plugin panel factory: org.opentcs.guing.plugins.panels.loadgenerator.ContinuousLoadPanelFactory
[20190224-07:38:08-138] INFO    main                 o.o.g.util.PanelRegistry.<init>()                      : Setting up plugin panel factory: org.opentcs.guing.plugins.panels.statistics.StatisticsPanelFactory
[20190224-07:38:08-139] INFO    main                 o.o.g.util.PanelRegistry.<init>()                      : Setting up plugin panel factory: org.opentcs.guing.plugins.panels.allocation.ResourceAllocationPanelFactory
[20190224-07:38:08-314] INFO    main                 o.o.g.exchange.KernelEventFetcher.initialize()         : Initializing...
[20190224-07:38:20-750] WARN    AWT-EventQueue-0     o.h.j.b.internal.PersistenceXmlParser.parsePersistenceXml(): HHH015018: Encountered multiple persistence-unit stanzas defining same name [db-manager]; persistence-unit names must be unique
[20190224-07:38:20-782] INFO    AWT-EventQueue-0     o.h.j.i.util.LogHelper.logPersistenceUnitInformation() : HHH000204: Processing PersistenceUnitInfo [name: db-manager]
[20190224-07:38:21-184] INFO    AWT-EventQueue-0     o.hibernate.Version.logVersion()                       : HHH000412: Hibernate Core {5.4.1.Final}
[20190224-07:38:22-119] INFO    AWT-EventQueue-0     o.h.a.c.r.java.JavaReflectionManager.<clinit>()        : HCANN000001: Hibernate Commons Annotations {5.1.0.Final}
[20190224-07:38:22-842] WARN    AWT-EventQueue-0     o.h.e.j.c.internal.DriverManagerConnectionProviderImpl.configure(): HHH10001002: Using Hibernate built-in connection pool (not for production use!)
[20190224-07:38:22-867] INFO    AWT-EventQueue-0     o.h.e.j.c.internal.DriverManagerConnectionProviderImpl.buildCreator(): HHH10001005: using driver [org.postgresql.Driver] at URL [jdbc:postgresql:fmstest]
[20190224-07:38:22-869] INFO    AWT-EventQueue-0     o.h.e.j.c.internal.DriverManagerConnectionProviderImpl.buildCreator(): HHH10001001: Connection properties: {user=postgres, password=****}
[20190224-07:38:22-869] INFO    AWT-EventQueue-0     o.h.e.j.c.internal.DriverManagerConnectionProviderImpl.buildCreator(): HHH10001003: Autocommit mode: false
[20190224-07:38:22-882] INFO    AWT-EventQueue-0     o.h.e.j.c.internal.DriverManagerConnectionProviderImpl$PooledConnections.<init>(): HHH000115: Hibernate connection pool size: 1 (min=1)
[20190224-07:38:23-286] INFO    AWT-EventQueue-0     o.h.dialect.Dialect.<init>()                           : HHH000400: Using dialect: org.hibernate.dialect.H2Dialect
[20190224-07:38:23-326] WARN    AWT-EventQueue-0     o.h.dialect.H2Dialect.<init>()                         : HHH000431: Unable to determine H2 database version, certain features may not work
[20190224-07:38:26-843] INFO    AWT-EventQueue-0     o.h.r.t.b.j.internal.DdlTransactionIsolatorNonJtaImpl.getIsolatedConnection(): HHH10001501: Connection obtained from JdbcConnectionAccess [org.hibernate.engine.jdbc.env.internal.JdbcEnvironmentInitiator$ConnectionProviderJdbcConnectionAccess@5074fd90] for (non-JTA) DDL execution was not in auto-commit mode; the Connection 'local transaction' will be committed and the Connection will be set into auto-commit mode.
[20190224-07:38:26-925] INFO    AWT-EventQueue-0     o.h.e.t.j.p.internal.JtaPlatformInitiator.initiateService(): HHH000490: Using JtaPlatform implementation: [org.hibernate.engine.transaction.jta.platform.internal.NoJtaPlatform]
[20190224-07:40:49-523] INFO    AWT-EventQueue-0     o.o.g.application.StatusPanel.setLogMessage()          : Model "" successfully persisted.
[20190224-07:43:31-970] INFO    main                 o.o.util.Environment.logSystemInfo()                   : openTCS baseline version: 4.10.0-SNAPSHOT (build date: 2019-02-24 07:37:41), customization '-' version - (build date: -), Java: 1.8.0_201, Oracle Corporation; JVM: 25.201-b09, Oracle Corporation; OS: Windows Server 2016, amd64
[20190224-07:43:32-291] INFO    main                 o.c.provider.ConfigurationProviderBuilder.build()      : Initializing ConfigurationProvider with org.opentcs.guing.configuration.CachedConfigurationSource source, org.opentcs.guing.configuration.PeriodicalReloadStrategy reload strategy and org.cfg4j.source.context.environment.DefaultEnvironment environment
[20190224-07:43:32-360] INFO    main                 o.o.guing.RunPlantOverview.findRegisteredModules()     : Integrating injection module org.opentcs.guing.DefaultImportersExportersModule
[20190224-07:43:32-361] INFO    main                 o.o.guing.RunPlantOverview.findRegisteredModules()     : Hello WOrld injection module org.opentcs.guing.DefaultImportersExportersModule
[20190224-07:43:32-365] INFO    main                 o.o.guing.RunPlantOverview.findRegisteredModules()     : Integrating injection module org.opentcs.guing.DefaultPluginPanelsModule
[20190224-07:43:32-367] INFO    main                 o.o.guing.RunPlantOverview.findRegisteredModules()     : Hello WOrld injection module org.opentcs.guing.DefaultPluginPanelsModule
[20190224-07:43:32-370] INFO    main                 o.o.guing.RunPlantOverview.findRegisteredModules()     : Integrating injection module org.opentcs.guing.PropertySuggestionsModule
[20190224-07:43:32-371] INFO    main                 o.o.guing.RunPlantOverview.findRegisteredModules()     : Hello WOrld injection module org.opentcs.guing.PropertySuggestionsModule
[20190224-07:43:32-378] INFO    main                 o.o.guing.RunPlantOverview.findRegisteredModules()     : Integrating injection module org.opentcs.guing.transport.OrderCategorySuggestionsModule
[20190224-07:43:32-379] INFO    main                 o.o.guing.RunPlantOverview.findRegisteredModules()     : Hello WOrld injection module org.opentcs.guing.transport.OrderCategorySuggestionsModule
[20190224-07:43:33-424] WARNING main                 o.o.guing.DefaultPlantOverviewInjectionModule.configureSocketConnections(): SSL encryption disabled, connections will not be secured!
[20190224-07:43:48-106] INFO    main                 o.o.g.util.PanelRegistry.<init>()                      : Setting up plugin panel factory: org.opentcs.guing.plugins.panels.loadgenerator.ContinuousLoadPanelFactory
[20190224-07:43:48-107] INFO    main                 o.o.g.util.PanelRegistry.<init>()                      : Setting up plugin panel factory: org.opentcs.guing.plugins.panels.statistics.StatisticsPanelFactory
[20190224-07:43:48-108] INFO    main                 o.o.g.util.PanelRegistry.<init>()                      : Setting up plugin panel factory: org.opentcs.guing.plugins.panels.allocation.ResourceAllocationPanelFactory
[20190224-07:43:48-283] INFO    main                 o.o.g.exchange.KernelEventFetcher.initialize()         : Initializing...
[20190224-07:44:02-390] WARN    AWT-EventQueue-0     o.h.j.b.internal.PersistenceXmlParser.parsePersistenceXml(): HHH015018: Encountered multiple persistence-unit stanzas defining same name [db-manager]; persistence-unit names must be unique
[20190224-07:44:02-423] INFO    AWT-EventQueue-0     o.h.j.i.util.LogHelper.logPersistenceUnitInformation() : HHH000204: Processing PersistenceUnitInfo [name: db-manager]
[20190224-07:44:02-816] INFO    AWT-EventQueue-0     o.hibernate.Version.logVersion()                       : HHH000412: Hibernate Core {5.4.1.Final}
[20190224-07:44:03-751] INFO    AWT-EventQueue-0     o.h.a.c.r.java.JavaReflectionManager.<clinit>()        : HCANN000001: Hibernate Commons Annotations {5.1.0.Final}
[20190224-07:44:04-469] WARN    AWT-EventQueue-0     o.h.e.j.c.internal.DriverManagerConnectionProviderImpl.configure(): HHH10001002: Using Hibernate built-in connection pool (not for production use!)
[20190224-07:44:04-497] INFO    AWT-EventQueue-0     o.h.e.j.c.internal.DriverManagerConnectionProviderImpl.buildCreator(): HHH10001005: using driver [org.postgresql.Driver] at URL [jdbc:postgresql:fmstest]
[20190224-07:44:04-499] INFO    AWT-EventQueue-0     o.h.e.j.c.internal.DriverManagerConnectionProviderImpl.buildCreator(): HHH10001001: Connection properties: {user=postgres, password=****}
[20190224-07:44:04-501] INFO    AWT-EventQueue-0     o.h.e.j.c.internal.DriverManagerConnectionProviderImpl.buildCreator(): HHH10001003: Autocommit mode: false
[20190224-07:44:04-517] INFO    AWT-EventQueue-0     o.h.e.j.c.internal.DriverManagerConnectionProviderImpl$PooledConnections.<init>(): HHH000115: Hibernate connection pool size: 1 (min=1)
[20190224-07:44:04-907] INFO    AWT-EventQueue-0     o.h.dialect.Dialect.<init>()                           : HHH000400: Using dialect: org.hibernate.dialect.H2Dialect
[20190224-07:44:04-949] WARN    AWT-EventQueue-0     o.h.dialect.H2Dialect.<init>()                         : HHH000431: Unable to determine H2 database version, certain features may not work
[20190224-07:44:08-465] INFO    AWT-EventQueue-0     o.h.r.t.b.j.internal.DdlTransactionIsolatorNonJtaImpl.getIsolatedConnection(): HHH10001501: Connection obtained from JdbcConnectionAccess [org.hibernate.engine.jdbc.env.internal.JdbcEnvironmentInitiator$ConnectionProviderJdbcConnectionAccess@5e50308a] for (non-JTA) DDL execution was not in auto-commit mode; the Connection 'local transaction' will be committed and the Connection will be set into auto-commit mode.
[20190224-07:44:08-539] INFO    AWT-EventQueue-0     o.h.e.t.j.p.internal.JtaPlatformInitiator.initiateService(): HHH000490: Using JtaPlatform implementation: [org.hibernate.engine.transaction.jta.platform.internal.NoJtaPlatform]
[20190224-07:48:46-878] INFO    AWT-EventQueue-0     o.o.g.application.StatusPanel.setLogMessage()          : Model "" successfully persisted.
[20190224-07:49:06-536] INFO    AWT-EventQueue-0     o.o.g.application.StatusPanel.setLogMessage()          : Model "" successfully loaded from kernel.
